[     922ms] [WARNING] Manifest: property 'start_url' ignored, should be same origin as document. @ https://static.preply.com/ds/icons/rebrand-23-v0/web.manifest.json:0
[    2227ms] Uncaught Error: Minified React error #421; visit https://reactjs.org/docs/error-decoder.html?invariant=421 for the full message or use the non-minified dev environment for full errors and additional helpful warnings.
    at <anonymous> (https://static.preply.com/static/ssr/_next/static/chunks/framework-14b53c77301a6553.js:0:149673)
    at Ou (https://static.preply.com/static/ssr/_next/static/chunks/framework-14b53c77301a6553.js:0:149947)
    at xi (https://static.preply.com/static/ssr/_next/static/chunks/framework-14b53c77301a6553.js:0:191659)
    at bs (https://static.preply.com/static/ssr/_next/static/chunks/framework-14b53c77301a6553.js:0:178868)
    at vs (https://static.preply.com/static/ssr/_next/static/chunks/framework-14b53c77301a6553.js:0:178796)
    at gs (https://static.preply.com/static/ssr/_next/static/chunks/framework-14b53c77301a6553.js:0:178659)
    at is (https://static.preply.com/static/ssr/_next/static/chunks/framework-14b53c77301a6553.js:0:175775)
    at Aa (https://static.preply.com/static/ssr/_next/static/chunks/framework-14b53c77301a6553.js:0:116422)
    at <anonymous> (https://static.preply.com/static/ssr/_next/static/chunks/framework-14b53c77301a6553.js:0:182253)
    at ws (https://static.preply.com/static/ssr/_next/static/chunks/framework-14b53c77301a6553.js:0:182258)
    at as (https://static.preply.com/static/ssr/_next/static/chunks/framework-14b53c77301a6553.js:0:174716)
    at S (https://static.preply.com/static/ssr/_next/static/chunks/framework-14b53c77301a6553.js:0:208174)
    at R (https://static.preply.com/static/ssr/_next/static/chunks/framework-14b53c77301a6553.js:0:208708)
[    2227ms] Uncaught Error: Minified React error #421; visit https://reactjs.org/docs/error-decoder.html?invariant=421 for the full message or use the non-minified dev environment for full errors and additional helpful warnings.
    at <anonymous> (https://static.preply.com/static/ssr/_next/static/chunks/framework-14b53c77301a6553.js:0:149673)
    at Ou (https://static.preply.com/static/ssr/_next/static/chunks/framework-14b53c77301a6553.js:0:149947)
    at xi (https://static.preply.com/static/ssr/_next/static/chunks/framework-14b53c77301a6553.js:0:191659)
    at bs (https://static.preply.com/static/ssr/_next/static/chunks/framework-14b53c77301a6553.js:0:178868)
    at vs (https://static.preply.com/static/ssr/_next/static/chunks/framework-14b53c77301a6553.js:0:178796)
    at gs (https://static.preply.com/static/ssr/_next/static/chunks/framework-14b53c77301a6553.js:0:178659)
    at is (https://static.preply.com/static/ssr/_next/static/chunks/framework-14b53c77301a6553.js:0:175775)
    at Aa (https://static.preply.com/static/ssr/_next/static/chunks/framework-14b53c77301a6553.js:0:116422)
    at <anonymous> (https://static.preply.com/static/ssr/_next/static/chunks/framework-14b53c77301a6553.js:0:182253)
    at ws (https://static.preply.com/static/ssr/_next/static/chunks/framework-14b53c77301a6553.js:0:182258)
    at as (https://static.preply.com/static/ssr/_next/static/chunks/framework-14b53c77301a6553.js:0:174716)
    at S (https://static.preply.com/static/ssr/_next/static/chunks/framework-14b53c77301a6553.js:0:208174)
    at R (https://static.preply.com/static/ssr/_next/static/chunks/framework-14b53c77301a6553.js:0:208708)
[    2228ms] Uncaught Error: Minified React error #421; visit https://reactjs.org/docs/error-decoder.html?invariant=421 for the full message or use the non-minified dev environment for full errors and additional helpful warnings.
    at <anonymous> (https://static.preply.com/static/ssr/_next/static/chunks/framework-14b53c77301a6553.js:0:149673)
    at Ou (https://static.preply.com/static/ssr/_next/static/chunks/framework-14b53c77301a6553.js:0:149947)
    at xi (https://static.preply.com/static/ssr/_next/static/chunks/framework-14b53c77301a6553.js:0:191659)
    at bs (https://static.preply.com/static/ssr/_next/static/chunks/framework-14b53c77301a6553.js:0:178868)
    at vs (https://static.preply.com/static/ssr/_next/static/chunks/framework-14b53c77301a6553.js:0:178796)
    at gs (https://static.preply.com/static/ssr/_next/static/chunks/framework-14b53c77301a6553.js:0:178659)
    at is (https://static.preply.com/static/ssr/_next/static/chunks/framework-14b53c77301a6553.js:0:175775)
    at Aa (https://static.preply.com/static/ssr/_next/static/chunks/framework-14b53c77301a6553.js:0:116422)
    at <anonymous> (https://static.preply.com/static/ssr/_next/static/chunks/framework-14b53c77301a6553.js:0:182253)
    at ws (https://static.preply.com/static/ssr/_next/static/chunks/framework-14b53c77301a6553.js:0:182258)
    at as (https://static.preply.com/static/ssr/_next/static/chunks/framework-14b53c77301a6553.js:0:174716)
    at S (https://static.preply.com/static/ssr/_next/static/chunks/framework-14b53c77301a6553.js:0:208174)
    at R (https://static.preply.com/static/ssr/_next/static/chunks/framework-14b53c77301a6553.js:0:208708)
[    2228ms] Uncaught Error: Minified React error #421; visit https://reactjs.org/docs/error-decoder.html?invariant=421 for the full message or use the non-minified dev environment for full errors and additional helpful warnings.
    at <anonymous> (https://static.preply.com/static/ssr/_next/static/chunks/framework-14b53c77301a6553.js:0:149673)
    at Ou (https://static.preply.com/static/ssr/_next/static/chunks/framework-14b53c77301a6553.js:0:149947)
    at xi (https://static.preply.com/static/ssr/_next/static/chunks/framework-14b53c77301a6553.js:0:191659)
    at bs (https://static.preply.com/static/ssr/_next/static/chunks/framework-14b53c77301a6553.js:0:178868)
    at vs (https://static.preply.com/static/ssr/_next/static/chunks/framework-14b53c77301a6553.js:0:178796)
    at gs (https://static.preply.com/static/ssr/_next/static/chunks/framework-14b53c77301a6553.js:0:178659)
    at is (https://static.preply.com/static/ssr/_next/static/chunks/framework-14b53c77301a6553.js:0:175775)
    at Aa (https://static.preply.com/static/ssr/_next/static/chunks/framework-14b53c77301a6553.js:0:116422)
    at <anonymous> (https://static.preply.com/static/ssr/_next/static/chunks/framework-14b53c77301a6553.js:0:182253)
    at ws (https://static.preply.com/static/ssr/_next/static/chunks/framework-14b53c77301a6553.js:0:182258)
    at as (https://static.preply.com/static/ssr/_next/static/chunks/framework-14b53c77301a6553.js:0:174716)
    at S (https://static.preply.com/static/ssr/_next/static/chunks/framework-14b53c77301a6553.js:0:208174)
    at R (https://static.preply.com/static/ssr/_next/static/chunks/framework-14b53c77301a6553.js:0:208708)
[    2228ms] Uncaught Error: Minified React error #421; visit https://reactjs.org/docs/error-decoder.html?invariant=421 for the full message or use the non-minified dev environment for full errors and additional helpful warnings.
    at <anonymous> (https://static.preply.com/static/ssr/_next/static/chunks/framework-14b53c77301a6553.js:0:149673)
    at Ou (https://static.preply.com/static/ssr/_next/static/chunks/framework-14b53c77301a6553.js:0:149947)
    at xi (https://static.preply.com/static/ssr/_next/static/chunks/framework-14b53c77301a6553.js:0:191659)
    at bs (https://static.preply.com/static/ssr/_next/static/chunks/framework-14b53c77301a6553.js:0:178868)
    at vs (https://static.preply.com/static/ssr/_next/static/chunks/framework-14b53c77301a6553.js:0:178796)
    at gs (https://static.preply.com/static/ssr/_next/static/chunks/framework-14b53c77301a6553.js:0:178659)
    at is (https://static.preply.com/static/ssr/_next/static/chunks/framework-14b53c77301a6553.js:0:175775)
    at Aa (https://static.preply.com/static/ssr/_next/static/chunks/framework-14b53c77301a6553.js:0:116422)
    at <anonymous> (https://static.preply.com/static/ssr/_next/static/chunks/framework-14b53c77301a6553.js:0:182253)
    at ws (https://static.preply.com/static/ssr/_next/static/chunks/framework-14b53c77301a6553.js:0:182258)
    at as (https://static.preply.com/static/ssr/_next/static/chunks/framework-14b53c77301a6553.js:0:174716)
    at S (https://static.preply.com/static/ssr/_next/static/chunks/framework-14b53c77301a6553.js:0:208174)
    at R (https://static.preply.com/static/ssr/_next/static/chunks/framework-14b53c77301a6553.js:0:208708)
[    2228ms] Uncaught Error: Minified React error #421; visit https://reactjs.org/docs/error-decoder.html?invariant=421 for the full message or use the non-minified dev environment for full errors and additional helpful warnings.
    at <anonymous> (https://static.preply.com/static/ssr/_next/static/chunks/framework-14b53c77301a6553.js:0:149673)
    at Ou (https://static.preply.com/static/ssr/_next/static/chunks/framework-14b53c77301a6553.js:0:149947)
    at xi (https://static.preply.com/static/ssr/_next/static/chunks/framework-14b53c77301a6553.js:0:191659)
    at bs (https://static.preply.com/static/ssr/_next/static/chunks/framework-14b53c77301a6553.js:0:178868)
    at vs (https://static.preply.com/static/ssr/_next/static/chunks/framework-14b53c77301a6553.js:0:178796)
    at gs (https://static.preply.com/static/ssr/_next/static/chunks/framework-14b53c77301a6553.js:0:178659)
    at is (https://static.preply.com/static/ssr/_next/static/chunks/framework-14b53c77301a6553.js:0:175775)
    at Aa (https://static.preply.com/static/ssr/_next/static/chunks/framework-14b53c77301a6553.js:0:116422)
    at <anonymous> (https://static.preply.com/static/ssr/_next/static/chunks/framework-14b53c77301a6553.js:0:182253)
    at ws (https://static.preply.com/static/ssr/_next/static/chunks/framework-14b53c77301a6553.js:0:182258)
    at as (https://static.preply.com/static/ssr/_next/static/chunks/framework-14b53c77301a6553.js:0:174716)
    at S (https://static.preply.com/static/ssr/_next/static/chunks/framework-14b53c77301a6553.js:0:208174)
    at R (https://static.preply.com/static/ssr/_next/static/chunks/framework-14b53c77301a6553.js:0:208708)
[    2919ms] [ERROR] Attestation check for Attribution Reporting on https://www.facebook.com failed. @ https://preply.com/ja/online/japanese-tutors?campaignid=21428907261&network=g&adgroupid=167207408114&keyword=&matchtype=&creative=704720934638&targetid=dsa-2064798404571&placement=&loc_physical_ms=1007765&device=c&utm_source=google&utm_medium=cpc&utm_term=&utm_campaign=&hsa_acc=6057241232&hsa_cam=21428907261&hsa_grp=167207408114&hsa_ad=704720934638&hsa_src=g&hsa_tgt=dsa-2064798404571&hsa_kw=&hsa_mt=&hsa_net=adwords&hsa_ver=3&gad_source=1&gad_campaignid=21428907261&gbraid=0AAAAADcbD23en3c_zarBv6CZdopxEVd2l&gclid=CjwKCAjwnN3OBhA8EiwAfpTYes0FwX8BMY7_mjz8AHs4qWMMrdsRiohlmlLrpR51d-zOwjggxu7jEhoC0aYQAvD_BwE:0
[    3428ms] [WARNING] [Meta Pixel] - Duplicate Pixel ID: 1574367439535888. @ https://static.preply.com/static/ssr/_next/static/chunks/pages/_app-d56a8d6aeb12adf9.js:0
[   12114ms] [LOG] Download the Apollo DevTools for a better development experience: %s https://chrome.google.com/webstore/detail/apollo-client-developer-t/jdkknkkbebbapilgoeccciglkfbmbnfm @ https://static.preply.com/static/ssr/_next/static/chunks/pages/_app-d56a8d6aeb12adf9.js:0
