[    1030ms] [WARNING] Manifest: property 'start_url' ignored, should be same origin as document. @ https://static.preply.com/ds/icons/rebrand-23-v0/web.manifest.json:0
[    1846ms] Uncaught Error: Minified React error #421; visit https://reactjs.org/docs/error-decoder.html?invariant=421 for the full message or use the non-minified dev environment for full errors and additional helpful warnings.
    at <anonymous> (https://static.preply.com/static/ssr/_next/static/chunks/framework-14b53c77301a6553.js:0:149673)
    at Ou (https://static.preply.com/static/ssr/_next/static/chunks/framework-14b53c77301a6553.js:0:149947)
    at xi (https://static.preply.com/static/ssr/_next/static/chunks/framework-14b53c77301a6553.js:0:191659)
    at bs (https://static.preply.com/static/ssr/_next/static/chunks/framework-14b53c77301a6553.js:0:178868)
    at vs (https://static.preply.com/static/ssr/_next/static/chunks/framework-14b53c77301a6553.js:0:178796)
    at gs (https://static.preply.com/static/ssr/_next/static/chunks/framework-14b53c77301a6553.js:0:178659)
    at is (https://static.preply.com/static/ssr/_next/static/chunks/framework-14b53c77301a6553.js:0:175775)
    at Aa (https://static.preply.com/static/ssr/_next/static/chunks/framework-14b53c77301a6553.js:0:116422)
    at <anonymous> (https://static.preply.com/static/ssr/_next/static/chunks/framework-14b53c77301a6553.js:0:182253)
    at ws (https://static.preply.com/static/ssr/_next/static/chunks/framework-14b53c77301a6553.js:0:182258)
    at as (https://static.preply.com/static/ssr/_next/static/chunks/framework-14b53c77301a6553.js:0:174716)
    at S (https://static.preply.com/static/ssr/_next/static/chunks/framework-14b53c77301a6553.js:0:208174)
    at R (https://static.preply.com/static/ssr/_next/static/chunks/framework-14b53c77301a6553.js:0:208708)
[    1846ms] Uncaught Error: Minified React error #421; visit https://reactjs.org/docs/error-decoder.html?invariant=421 for the full message or use the non-minified dev environment for full errors and additional helpful warnings.
    at <anonymous> (https://static.preply.com/static/ssr/_next/static/chunks/framework-14b53c77301a6553.js:0:149673)
    at Ou (https://static.preply.com/static/ssr/_next/static/chunks/framework-14b53c77301a6553.js:0:149947)
    at xi (https://static.preply.com/static/ssr/_next/static/chunks/framework-14b53c77301a6553.js:0:191659)
    at bs (https://static.preply.com/static/ssr/_next/static/chunks/framework-14b53c77301a6553.js:0:178868)
    at vs (https://static.preply.com/static/ssr/_next/static/chunks/framework-14b53c77301a6553.js:0:178796)
    at gs (https://static.preply.com/static/ssr/_next/static/chunks/framework-14b53c77301a6553.js:0:178659)
    at is (https://static.preply.com/static/ssr/_next/static/chunks/framework-14b53c77301a6553.js:0:175775)
    at Aa (https://static.preply.com/static/ssr/_next/static/chunks/framework-14b53c77301a6553.js:0:116422)
    at <anonymous> (https://static.preply.com/static/ssr/_next/static/chunks/framework-14b53c77301a6553.js:0:182253)
    at ws (https://static.preply.com/static/ssr/_next/static/chunks/framework-14b53c77301a6553.js:0:182258)
    at as (https://static.preply.com/static/ssr/_next/static/chunks/framework-14b53c77301a6553.js:0:174716)
    at S (https://static.preply.com/static/ssr/_next/static/chunks/framework-14b53c77301a6553.js:0:208174)
    at R (https://static.preply.com/static/ssr/_next/static/chunks/framework-14b53c77301a6553.js:0:208708)
[    1847ms] Uncaught Error: Minified React error #421; visit https://reactjs.org/docs/error-decoder.html?invariant=421 for the full message or use the non-minified dev environment for full errors and additional helpful warnings.
    at <anonymous> (https://static.preply.com/static/ssr/_next/static/chunks/framework-14b53c77301a6553.js:0:149673)
    at Ou (https://static.preply.com/static/ssr/_next/static/chunks/framework-14b53c77301a6553.js:0:149947)
    at xi (https://static.preply.com/static/ssr/_next/static/chunks/framework-14b53c77301a6553.js:0:191659)
    at bs (https://static.preply.com/static/ssr/_next/static/chunks/framework-14b53c77301a6553.js:0:178868)
    at vs (https://static.preply.com/static/ssr/_next/static/chunks/framework-14b53c77301a6553.js:0:178796)
    at gs (https://static.preply.com/static/ssr/_next/static/chunks/framework-14b53c77301a6553.js:0:178659)
    at is (https://static.preply.com/static/ssr/_next/static/chunks/framework-14b53c77301a6553.js:0:175775)
    at Aa (https://static.preply.com/static/ssr/_next/static/chunks/framework-14b53c77301a6553.js:0:116422)
    at <anonymous> (https://static.preply.com/static/ssr/_next/static/chunks/framework-14b53c77301a6553.js:0:182253)
    at ws (https://static.preply.com/static/ssr/_next/static/chunks/framework-14b53c77301a6553.js:0:182258)
    at as (https://static.preply.com/static/ssr/_next/static/chunks/framework-14b53c77301a6553.js:0:174716)
    at S (https://static.preply.com/static/ssr/_next/static/chunks/framework-14b53c77301a6553.js:0:208174)
    at R (https://static.preply.com/static/ssr/_next/static/chunks/framework-14b53c77301a6553.js:0:208708)
[    1847ms] Uncaught Error: Minified React error #421; visit https://reactjs.org/docs/error-decoder.html?invariant=421 for the full message or use the non-minified dev environment for full errors and additional helpful warnings.
    at <anonymous> (https://static.preply.com/static/ssr/_next/static/chunks/framework-14b53c77301a6553.js:0:149673)
    at Ou (https://static.preply.com/static/ssr/_next/static/chunks/framework-14b53c77301a6553.js:0:149947)
    at xi (https://static.preply.com/static/ssr/_next/static/chunks/framework-14b53c77301a6553.js:0:191659)
    at bs (https://static.preply.com/static/ssr/_next/static/chunks/framework-14b53c77301a6553.js:0:178868)
    at vs (https://static.preply.com/static/ssr/_next/static/chunks/framework-14b53c77301a6553.js:0:178796)
    at gs (https://static.preply.com/static/ssr/_next/static/chunks/framework-14b53c77301a6553.js:0:178659)
    at is (https://static.preply.com/static/ssr/_next/static/chunks/framework-14b53c77301a6553.js:0:175775)
    at Aa (https://static.preply.com/static/ssr/_next/static/chunks/framework-14b53c77301a6553.js:0:116422)
    at <anonymous> (https://static.preply.com/static/ssr/_next/static/chunks/framework-14b53c77301a6553.js:0:182253)
    at ws (https://static.preply.com/static/ssr/_next/static/chunks/framework-14b53c77301a6553.js:0:182258)
    at as (https://static.preply.com/static/ssr/_next/static/chunks/framework-14b53c77301a6553.js:0:174716)
    at S (https://static.preply.com/static/ssr/_next/static/chunks/framework-14b53c77301a6553.js:0:208174)
    at R (https://static.preply.com/static/ssr/_next/static/chunks/framework-14b53c77301a6553.js:0:208708)
[    1847ms] Uncaught Error: Minified React error #421; visit https://reactjs.org/docs/error-decoder.html?invariant=421 for the full message or use the non-minified dev environment for full errors and additional helpful warnings.
    at <anonymous> (https://static.preply.com/static/ssr/_next/static/chunks/framework-14b53c77301a6553.js:0:149673)
    at Ou (https://static.preply.com/static/ssr/_next/static/chunks/framework-14b53c77301a6553.js:0:149947)
    at xi (https://static.preply.com/static/ssr/_next/static/chunks/framework-14b53c77301a6553.js:0:191659)
    at bs (https://static.preply.com/static/ssr/_next/static/chunks/framework-14b53c77301a6553.js:0:178868)
    at vs (https://static.preply.com/static/ssr/_next/static/chunks/framework-14b53c77301a6553.js:0:178796)
    at gs (https://static.preply.com/static/ssr/_next/static/chunks/framework-14b53c77301a6553.js:0:178659)
    at is (https://static.preply.com/static/ssr/_next/static/chunks/framework-14b53c77301a6553.js:0:175775)
    at Aa (https://static.preply.com/static/ssr/_next/static/chunks/framework-14b53c77301a6553.js:0:116422)
    at <anonymous> (https://static.preply.com/static/ssr/_next/static/chunks/framework-14b53c77301a6553.js:0:182253)
    at ws (https://static.preply.com/static/ssr/_next/static/chunks/framework-14b53c77301a6553.js:0:182258)
    at as (https://static.preply.com/static/ssr/_next/static/chunks/framework-14b53c77301a6553.js:0:174716)
    at S (https://static.preply.com/static/ssr/_next/static/chunks/framework-14b53c77301a6553.js:0:208174)
    at R (https://static.preply.com/static/ssr/_next/static/chunks/framework-14b53c77301a6553.js:0:208708)
[    1847ms] Uncaught Error: Minified React error #421; visit https://reactjs.org/docs/error-decoder.html?invariant=421 for the full message or use the non-minified dev environment for full errors and additional helpful warnings.
    at <anonymous> (https://static.preply.com/static/ssr/_next/static/chunks/framework-14b53c77301a6553.js:0:149673)
    at Ou (https://static.preply.com/static/ssr/_next/static/chunks/framework-14b53c77301a6553.js:0:149947)
    at xi (https://static.preply.com/static/ssr/_next/static/chunks/framework-14b53c77301a6553.js:0:191659)
    at bs (https://static.preply.com/static/ssr/_next/static/chunks/framework-14b53c77301a6553.js:0:178868)
    at vs (https://static.preply.com/static/ssr/_next/static/chunks/framework-14b53c77301a6553.js:0:178796)
    at gs (https://static.preply.com/static/ssr/_next/static/chunks/framework-14b53c77301a6553.js:0:178659)
    at is (https://static.preply.com/static/ssr/_next/static/chunks/framework-14b53c77301a6553.js:0:175775)
    at Aa (https://static.preply.com/static/ssr/_next/static/chunks/framework-14b53c77301a6553.js:0:116422)
    at <anonymous> (https://static.preply.com/static/ssr/_next/static/chunks/framework-14b53c77301a6553.js:0:182253)
    at ws (https://static.preply.com/static/ssr/_next/static/chunks/framework-14b53c77301a6553.js:0:182258)
    at as (https://static.preply.com/static/ssr/_next/static/chunks/framework-14b53c77301a6553.js:0:174716)
    at S (https://static.preply.com/static/ssr/_next/static/chunks/framework-14b53c77301a6553.js:0:208174)
    at R (https://static.preply.com/static/ssr/_next/static/chunks/framework-14b53c77301a6553.js:0:208708)
[    1847ms] Uncaught Error: Minified React error #421; visit https://reactjs.org/docs/error-decoder.html?invariant=421 for the full message or use the non-minified dev environment for full errors and additional helpful warnings.
    at <anonymous> (https://static.preply.com/static/ssr/_next/static/chunks/framework-14b53c77301a6553.js:0:149673)
    at Ou (https://static.preply.com/static/ssr/_next/static/chunks/framework-14b53c77301a6553.js:0:149947)
    at xi (https://static.preply.com/static/ssr/_next/static/chunks/framework-14b53c77301a6553.js:0:191659)
    at bs (https://static.preply.com/static/ssr/_next/static/chunks/framework-14b53c77301a6553.js:0:178868)
    at vs (https://static.preply.com/static/ssr/_next/static/chunks/framework-14b53c77301a6553.js:0:178796)
    at gs (https://static.preply.com/static/ssr/_next/static/chunks/framework-14b53c77301a6553.js:0:178659)
    at is (https://static.preply.com/static/ssr/_next/static/chunks/framework-14b53c77301a6553.js:0:175775)
    at Aa (https://static.preply.com/static/ssr/_next/static/chunks/framework-14b53c77301a6553.js:0:116422)
    at <anonymous> (https://static.preply.com/static/ssr/_next/static/chunks/framework-14b53c77301a6553.js:0:182253)
    at ws (https://static.preply.com/static/ssr/_next/static/chunks/framework-14b53c77301a6553.js:0:182258)
    at as (https://static.preply.com/static/ssr/_next/static/chunks/framework-14b53c77301a6553.js:0:174716)
    at S (https://static.preply.com/static/ssr/_next/static/chunks/framework-14b53c77301a6553.js:0:208174)
    at R (https://static.preply.com/static/ssr/_next/static/chunks/framework-14b53c77301a6553.js:0:208708)
[    5737ms] [ERROR] Attestation check for Attribution Reporting on https://www.facebook.com failed. @ https://preply.com/en/online/japanese-tutors:0
[    7299ms] [WARNING] [Meta Pixel] - Duplicate Pixel ID: 1574367439535888. @ https://static.preply.com/static/ssr/_next/static/chunks/pages/_app-d56a8d6aeb12adf9.js:0
[   11715ms] [LOG] Download the Apollo DevTools for a better development experience: %s https://chrome.google.com/webstore/detail/apollo-client-developer-t/jdkknkkbebbapilgoeccciglkfbmbnfm @ https://static.preply.com/static/ssr/_next/static/chunks/pages/_app-d56a8d6aeb12adf9.js:0
